<?xml version="1.0" encoding="UTF-8"?>
<!-- Generated by org.testng.reporters.JUnitReportReporter -->
<testsuite hostname="LAPTOP-164KHIDL" failures="0" tests="3" name="SampleTestJenkins.LoginTests" time="0.017" errors="0" timestamp="2022-10-04T21:29:19 IST" skipped="0">
  <testcase classname="SampleTestJenkins.LoginTests" name="logindetailswithinvaliedcredintials" time="0.014"/>
  <system-out/>
  <testcase classname="SampleTestJenkins.LoginTests" name="logindetailswithnovaliedcredintials" time="0.002"/>
  <system-out/>
  <testcase classname="SampleTestJenkins.LoginTests" name="logindetailswithvaliedcredintials" time="0.001"/>
  <system-out/>
</testsuite> <!-- SampleTestJenkins.LoginTests -->
