<?xml version="1.0" encoding="UTF-8"?>
<!-- Generated by org.testng.reporters.JUnitReportReporter -->
<testsuite hostname="LAPTOP-164KHIDL" failures="0" tests="3" name="SampleTestJenkins.LoginTests" time="0.011" errors="0" timestamp="2022-10-04T12:55:00 IST" skipped="0">
  <testcase classname="SampleTestJenkins.LoginTests" name="logindetailswithinvaliedcredintials" time="0.007"/>
  <system-out/>
  <testcase classname="SampleTestJenkins.LoginTests" name="logindetailswithnovaliedcredintials" time="0.004"/>
  <system-out/>
  <testcase classname="SampleTestJenkins.LoginTests" name="logindetailswithvaliedcredintials" time="0.000"/>
  <system-out/>
</testsuite> <!-- SampleTestJenkins.LoginTests -->
